{"C:\\Users\\700br\\OneDrive\\Desktop\\kate-ecommerce\\server\\src\\config\\database.js": {"path":"C:\\Users\\700br\\OneDrive\\Desktop\\kate-ecommerce\\server\\src\\config\\database.js","statementMap":{"0":{"start":{"line":1,"column":0},"end":{"line":1,"column":36}},"1":{"start":{"line":2,"column":19},"end":{"line":2,"column":32}},"2":{"start":{"line":4,"column":15},"end":{"line":6,"column":4}},"3":{"start":{"line":8,"column":0},"end":{"line":10,"column":1}}},"fnMap":{},"branchMap":{"0":{"loc":{"start":{"line":5,"column":22},"end":{"line":5,"column":112}},"type":"cond-expr","locations":[{"start":{"line":5,"column":56},"end":{"line":5,"column":85}},{"start":{"line":5,"column":88},"end":{"line":5,"column":112}}],"line":5}},"s":{"0":1,"1":1,"2":1,"3":1},"f":{},"b":{"0":[1,0]},"_coverageSchema":"1a1c01bbd47fc00a2c39e90264f33305004495a9","hash":"179d231724f94a2f15215dd469f40c1ac0a3cec5"}
,"C:\\Users\\700br\\OneDrive\\Desktop\\kate-ecommerce\\server\\src\\tests\\testingUser.js": {"path":"C:\\Users\\700br\\OneDrive\\Desktop\\kate-ecommerce\\server\\src\\tests\\testingUser.js","statementMap":{"0":{"start":{"line":1,"column":19},"end":{"line":1,"column":48}},"1":{"start":{"line":5,"column":2},"end":{"line":17,"column":3}},"2":{"start":{"line":6,"column":4},"end":{"line":6,"column":51}},"3":{"start":{"line":7,"column":4},"end":{"line":7,"column":58}},"4":{"start":{"line":8,"column":28},"end":{"line":10,"column":6}},"5":{"start":{"line":11,"column":4},"end":{"line":11,"column":64}},"6":{"start":{"line":12,"column":4},"end":{"line":12,"column":17}},"7":{"start":{"line":14,"column":4},"end":{"line":14,"column":57}},"8":{"start":{"line":16,"column":4},"end":{"line":16,"column":23}},"9":{"start":{"line":20,"column":0},"end":{"line":20,"column":29}}},"fnMap":{"0":{"name":"getAllUsers","decl":{"start":{"line":3,"column":15},"end":{"line":3,"column":26}},"loc":{"start":{"line":3,"column":29},"end":{"line":18,"column":1}},"line":3}},"branchMap":{},"s":{"0":1,"1":0,"2":0,"3":0,"4":0,"5":0,"6":0,"7":0,"8":0,"9":1},"f":{"0":0},"b":{},"_coverageSchema":"1a1c01bbd47fc00a2c39e90264f33305004495a9","hash":"58c64d28094f276ece5db05a4522881c11bdeeef"}
}
